<?xml version="1.0" encoding="UTF-8"?>
<!-- Generated by org.testng.reporters.JUnitReportReporter -->
<testsuite hostname="DESKTOP-OFL8S08" failures="0" tests="3" name="cucumber.TestNGTestRunner" time="48.069" errors="0" timestamp="2023-05-07T20:34:03 PKT" skipped="0">
  <testcase classname="cucumber.TestNGTestRunner" name="runScenario" time="26.395"/>
  <system-out/>
  <testcase classname="cucumber.TestNGTestRunner" name="runScenario" time="11.357"/>
  <system-out/>
  <testcase classname="cucumber.TestNGTestRunner" name="runScenario" time="10.317"/>
  <system-out/>
</testsuite> <!-- cucumber.TestNGTestRunner -->
