<?xml version="1.0" encoding="UTF-8"?>
<!-- Generated by org.testng.reporters.JUnitReportReporter -->
<testsuite hostname="DESKTOP-OFL8S08" failures="0" tests="2" name="rahulshettyacademy.tests.ErrorValidation" time="27.890" errors="0" timestamp="2023-04-16T21:24:05 PKT" skipped="0">
  <testcase classname="rahulshettyacademy.tests.ErrorValidation" name="loginErrorValidation" time="8.292"/>
  <system-out/>
  <testcase classname="rahulshettyacademy.tests.ErrorValidation" name="productErrorValidation" time="19.598"/>
  <system-out/>
</testsuite> <!-- rahulshettyacademy.tests.ErrorValidation -->
