<?xml version="1.0" encoding="UTF-8"?>
<!-- Generated by org.testng.reporters.JUnitReportReporter -->
<testsuite hostname="DESKTOP-OFL8S08" failures="0" tests="2" name="rahulshettyacademy.tests.ErrorValidationTest" time="29.399" errors="0" timestamp="2023-06-14T18:29:22 PKT" skipped="0">
  <testcase classname="rahulshettyacademy.tests.ErrorValidationTest" name="productErrorValidation" time="19.563"/>
  <system-out/>
  <testcase classname="rahulshettyacademy.tests.ErrorValidationTest" name="loginErrorValidation" time="9.836"/>
  <system-out/>
</testsuite> <!-- rahulshettyacademy.tests.ErrorValidationTest -->
