<?xml version="1.0" encoding="UTF-8"?>
<!-- Generated by org.testng.reporters.JUnitReportReporter -->
<testsuite hostname="DESKTOP-OFL8S08" failures="0" tests="2" name="rahulshettyacademy.tests.ErrorValidationTest" time="40.514" errors="0" timestamp="2023-04-30T22:01:50 PKT" skipped="0">
  <testcase classname="rahulshettyacademy.tests.ErrorValidationTest" name="productErrorValidation" time="24.333"/>
  <system-out/>
  <testcase classname="rahulshettyacademy.tests.ErrorValidationTest" name="loginErrorValidation" time="16.181"/>
  <system-out/>
</testsuite> <!-- rahulshettyacademy.tests.ErrorValidationTest -->
