<?xml version="1.0" encoding="UTF-8"?>
<!-- Generated by org.testng.reporters.JUnitReportReporter -->
<testsuite hostname="DESKTOP-OFL8S08" failures="0" tests="1" name="cucumber.TestNGTestRunner" time="14.581" errors="0" timestamp="2023-05-07T21:07:33 PKT" skipped="0">
  <testcase classname="cucumber.TestNGTestRunner" name="runScenario" time="14.581"/>
  <system-out/>
</testsuite> <!-- cucumber.TestNGTestRunner -->
